2020-01-29 22:36:12,317 - INFO - Received event notification
2020-01-29 22:36:12,318 - INFO - Received event notification
2020-01-29 22:36:12,319 - INFO - Adding buffer identifiers for file: /data1/hlbai/research/fscompress/scripts/start_cross.sh
2020-01-29 22:36:17,812 - INFO - Received health request
2020-01-29 22:36:17,815 - INFO - Received event notification
2020-01-29 22:36:24,688 - INFO - Received event notification
2020-01-29 22:36:24,731 - INFO - Received event notification
2020-01-29 22:36:24,738 - INFO - Received event notification
2020-01-29 22:36:24,740 - INFO - Adding buffer identifiers for file: /data1/hlbai/research/fscompress/learners/cross_learner.py
2020-01-29 22:36:24,768 - INFO - Received event notification
2020-01-29 22:36:24,798 - INFO - Received event notification
2020-01-29 22:36:24,800 - INFO - Received event notification
2020-01-29 22:36:24,801 - INFO - Adding buffer identifiers for file: /data1/hlbai/research/fscompress/learners/cross_learner.py
2020-01-29 22:36:30,000 - INFO - Received event notification
2020-01-29 22:36:31,934 - INFO - Received event notification
2020-01-29 22:36:42,196 - INFO - Received event notification
2020-01-29 22:36:42,223 - INFO - Received event notification
2020-01-29 22:36:42,225 - INFO - Received event notification
2020-01-29 22:36:42,225 - INFO - Adding buffer identifiers for file: /data1/hlbai/research/fscompress/main.py
2020-01-29 22:36:42,254 - INFO - Received event notification
2020-01-29 22:36:42,288 - INFO - Received event notification
2020-01-29 22:36:42,289 - INFO - Received event notification
2020-01-29 22:36:42,289 - INFO - Adding buffer identifiers for file: /data1/hlbai/research/fscompress/main.py
2020-01-29 22:36:56,825 - INFO - Received event notification
2020-01-29 22:36:58,282 - INFO - Received event notification
2020-01-29 22:37:05,649 - INFO - Received event notification
2020-01-29 22:37:05,678 - INFO - Received event notification
2020-01-29 22:37:05,679 - INFO - Received event notification
2020-01-29 22:37:05,679 - INFO - Adding buffer identifiers for file: /data1/hlbai/research/fscompress/scripts/start_cross.sh
2020-01-29 22:37:05,696 - INFO - Received event notification
2020-01-29 22:37:05,731 - INFO - Received event notification
2020-01-29 22:37:05,732 - INFO - Received event notification
2020-01-29 22:37:05,733 - INFO - Adding buffer identifiers for file: /data1/hlbai/research/fscompress/scripts/start_cross.sh
2020-01-29 22:38:15,864 - INFO - Received event notification
2020-01-29 22:38:40,237 - INFO - Received event notification
2020-01-29 22:38:41,560 - INFO - Received event notification
2020-01-29 22:38:43,795 - INFO - Received event notification
2020-01-29 22:38:46,534 - INFO - Received event notification
